2023-08-24 00:22:27,312:WARNING:
'cuml' is a soft dependency and not included in the pycaret installation. Please run: `pip install cuml` to install.
2023-08-24 00:22:27,312:WARNING:
'cuml' is a soft dependency and not included in the pycaret installation. Please run: `pip install cuml` to install.
2023-08-24 00:22:27,312:WARNING:
'cuml' is a soft dependency and not included in the pycaret installation. Please run: `pip install cuml` to install.
2023-08-24 00:22:27,313:WARNING:
'cuml' is a soft dependency and not included in the pycaret installation. Please run: `pip install cuml` to install.
2023-08-24 00:22:28,362:WARNING:
'prophet' is a soft dependency and not included in the pycaret installation. Please run: `pip install prophet` to install.
2023-08-24 00:24:52,649:WARNING:
'cuml' is a soft dependency and not included in the pycaret installation. Please run: `pip install cuml` to install.
2023-08-24 00:24:52,649:WARNING:
'cuml' is a soft dependency and not included in the pycaret installation. Please run: `pip install cuml` to install.
2023-08-24 00:24:52,649:WARNING:
'cuml' is a soft dependency and not included in the pycaret installation. Please run: `pip install cuml` to install.
2023-08-24 00:24:52,649:WARNING:
'cuml' is a soft dependency and not included in the pycaret installation. Please run: `pip install cuml` to install.
2023-08-24 00:33:42,412:WARNING:C:\Users\marce\AppData\Local\Temp\ipykernel_19676\2508871381.py:6: UserWarning: pandas only supports SQLAlchemy connectable (engine/connection) or database string URI or sqlite3 DBAPI2 connection. Other DBAPI2 objects are not tested. Please consider using SQLAlchemy.
  df = pd.read_sql_query(query, conn)

2023-08-24 00:38:45,346:INFO:PyCaret AnomalyExperiment
2023-08-24 00:38:45,346:INFO:Logging name: anomaly-default-name
2023-08-24 00:38:45,347:INFO:ML Usecase: MLUsecase.ANOMALY
2023-08-24 00:38:45,347:INFO:version 3.0.4
2023-08-24 00:38:45,347:INFO:Initializing setup()
2023-08-24 00:38:45,347:INFO:self.USI: 40a1
2023-08-24 00:38:45,347:INFO:self._variable_keys: {'_available_plots', 'X', 'data', 'idx', 'n_jobs_param', 'html_param', '_ml_usecase', 'log_plots_param', 'seed', 'USI', 'gpu_n_jobs_param', 'pipeline', 'memory', 'gpu_param', 'exp_name_log', 'exp_id', 'logging_param'}
2023-08-24 00:38:45,347:INFO:Checking environment
2023-08-24 00:38:45,347:INFO:python_version: 3.10.12
2023-08-24 00:38:45,347:INFO:python_build: ('main', 'Jul  5 2023 19:01:18')
2023-08-24 00:38:45,347:INFO:machine: AMD64
2023-08-24 00:38:45,347:INFO:platform: Windows-10-10.0.19045-SP0
2023-08-24 00:38:45,351:INFO:Memory: svmem(total=34143707136, available=19922960384, percent=41.6, used=14220746752, free=19922960384)
2023-08-24 00:38:45,351:INFO:Physical Core: 8
2023-08-24 00:38:45,352:INFO:Logical Core: 16
2023-08-24 00:38:45,352:INFO:Checking libraries
2023-08-24 00:38:45,352:INFO:System:
2023-08-24 00:38:45,352:INFO:    python: 3.10.12 | packaged by Anaconda, Inc. | (main, Jul  5 2023, 19:01:18) [MSC v.1916 64 bit (AMD64)]
2023-08-24 00:38:45,352:INFO:executable: c:\Users\marce\Anaconda3\envs\anomaly_pycaret\python.exe
2023-08-24 00:38:45,352:INFO:   machine: Windows-10-10.0.19045-SP0
2023-08-24 00:38:45,352:INFO:PyCaret required dependencies:
2023-08-24 00:38:46,123:INFO:                 pip: 23.2.1
2023-08-24 00:38:46,123:INFO:          setuptools: 68.0.0
2023-08-24 00:38:46,124:INFO:             pycaret: 3.0.4
2023-08-24 00:38:46,124:INFO:             IPython: 7.34.0
2023-08-24 00:38:46,124:INFO:          ipywidgets: 7.8.0
2023-08-24 00:38:46,124:INFO:                tqdm: 4.66.1
2023-08-24 00:38:46,124:INFO:               numpy: 1.23.5
2023-08-24 00:38:46,124:INFO:              pandas: 1.5.3
2023-08-24 00:38:46,124:INFO:              jinja2: 3.1.2
2023-08-24 00:38:46,124:INFO:               scipy: 1.10.1
2023-08-24 00:38:46,124:INFO:              joblib: 1.3.2
2023-08-24 00:38:46,124:INFO:             sklearn: 1.2.2
2023-08-24 00:38:46,124:INFO:                pyod: 1.1.0
2023-08-24 00:38:46,124:INFO:            imblearn: 0.11.0
2023-08-24 00:38:46,124:INFO:   category_encoders: 2.6.2
2023-08-24 00:38:46,124:INFO:            lightgbm: 4.0.0
2023-08-24 00:38:46,124:INFO:               numba: 0.57.1
2023-08-24 00:38:46,124:INFO:            requests: 2.27.1
2023-08-24 00:38:46,124:INFO:          matplotlib: 3.7.2
2023-08-24 00:38:46,124:INFO:          scikitplot: 0.3.7
2023-08-24 00:38:46,124:INFO:         yellowbrick: 1.5
2023-08-24 00:38:46,124:INFO:              plotly: 5.16.0
2023-08-24 00:38:46,124:INFO:    plotly-resampler: Not installed
2023-08-24 00:38:46,124:INFO:             kaleido: 0.2.1
2023-08-24 00:38:46,124:INFO:           schemdraw: 0.15
2023-08-24 00:38:46,125:INFO:         statsmodels: 0.14.0
2023-08-24 00:38:46,125:INFO:              sktime: 0.21.0
2023-08-24 00:38:46,125:INFO:               tbats: 1.1.3
2023-08-24 00:38:46,125:INFO:            pmdarima: 2.0.3
2023-08-24 00:38:46,125:INFO:              psutil: 5.9.5
2023-08-24 00:38:46,125:INFO:          markupsafe: 2.1.3
2023-08-24 00:38:46,125:INFO:             pickle5: Not installed
2023-08-24 00:38:46,125:INFO:         cloudpickle: 2.2.1
2023-08-24 00:38:46,125:INFO:         deprecation: 2.1.0
2023-08-24 00:38:46,125:INFO:              xxhash: 3.3.0
2023-08-24 00:38:46,125:INFO:           wurlitzer: Not installed
2023-08-24 00:38:46,125:INFO:PyCaret optional dependencies:
2023-08-24 00:38:47,831:INFO:                shap: 0.42.1
2023-08-24 00:38:47,831:INFO:           interpret: 0.4.3
2023-08-24 00:38:47,831:INFO:                umap: 0.5.3
2023-08-24 00:38:47,831:INFO:    pandas_profiling: 4.5.1
2023-08-24 00:38:47,831:INFO:  explainerdashboard: 0.4.3
2023-08-24 00:38:47,831:INFO:             autoviz: 0.1.730
2023-08-24 00:38:47,831:INFO:           fairlearn: 0.7.0
2023-08-24 00:38:47,831:INFO:          deepchecks: 0.17.4
2023-08-24 00:38:47,831:INFO:             xgboost: 1.7.6
2023-08-24 00:38:47,831:INFO:            catboost: 1.2
2023-08-24 00:38:47,831:INFO:              kmodes: 0.12.2
2023-08-24 00:38:47,831:INFO:             mlxtend: 0.22.0
2023-08-24 00:38:47,831:INFO:       statsforecast: 1.5.0
2023-08-24 00:38:47,831:INFO:        tune_sklearn: 0.4.6
2023-08-24 00:38:47,831:INFO:                 ray: 2.6.3
2023-08-24 00:38:47,831:INFO:            hyperopt: 0.2.7
2023-08-24 00:38:47,831:INFO:              optuna: 3.3.0
2023-08-24 00:38:47,831:INFO:               skopt: 0.9.0
2023-08-24 00:38:47,831:INFO:              mlflow: 1.30.1
2023-08-24 00:38:47,831:INFO:              gradio: 3.40.1
2023-08-24 00:38:47,832:INFO:             fastapi: 0.101.1
2023-08-24 00:38:47,832:INFO:             uvicorn: 0.23.2
2023-08-24 00:38:47,832:INFO:              m2cgen: 0.10.0
2023-08-24 00:38:47,832:INFO:           evidently: 0.2.8
2023-08-24 00:38:47,832:INFO:               fugue: 0.8.6
2023-08-24 00:38:47,832:INFO:           streamlit: Not installed
2023-08-24 00:38:47,832:INFO:             prophet: Not installed
2023-08-24 00:38:47,832:INFO:None
2023-08-24 00:38:47,832:INFO:Set up data.
2023-08-24 00:38:47,862:INFO:Set up index.
2023-08-24 00:38:47,862:INFO:Assigning column types.
2023-08-24 00:38:47,865:INFO:Engine successfully changes for model 'kmeans' to 'sklearn'.
2023-08-24 00:38:48,608:INFO:Engine successfully changes for model 'dbscan' to 'sklearn'.
2023-08-24 00:38:48,610:INFO:Preparing preprocessing pipeline...
2023-08-24 00:38:48,611:INFO:Set up simple imputation.
2023-08-24 00:38:48,612:INFO:Set up encoding of categorical features.
2023-08-24 00:38:48,612:INFO:Set up column transformation.
2023-08-24 00:38:48,612:INFO:Set up feature normalization.
2023-08-24 00:38:48,612:INFO:Set up PCA.
2023-08-24 00:39:16,509:INFO:Finished creating preprocessing pipeline.
2023-08-24 00:39:16,518:INFO:Pipeline: Pipeline(memory=FastMemory(location=C:\Users\marce\AppData\Local\Temp\joblib),
         steps=[('numerical_imputer',
                 TransformerWrapper(include=['sales', 'quantity', 'discount',
                                             'profit'],
                                    transformer=SimpleImputer())),
                ('categorical_imputer',
                 TransformerWrapper(include=['product_name'],
                                    transformer=SimpleImputer(strategy='most_frequent'))),
                ('onehot_encoding',
                 TransformerWrapper(include=['product_name'],
                                    transformer=OneHotEncoder(cols=['product_name'],
                                                              handle_missing='return_nan',
                                                              use_cat_names=True))),
                ('transformation',
                 TransformerWrapper(transformer=PowerTransformer(standardize=False))),
                ('normalize', TransformerWrapper(transformer=StandardScaler())),
                ('pca', TransformerWrapper(exclude=[], transformer=PCA()))])
2023-08-24 00:39:16,518:INFO:Creating final display dataframe.
2023-08-24 00:39:17,902:INFO:Setup _display_container:                  Description                 Value
0                 Session id                   123
1        Original data shape            (9994, 19)
2     Transformed data shape          (9994, 1854)
3            Ignore features                    14
4           Numeric features                     4
5       Categorical features                     1
6                 Preprocess                  True
7            Imputation type                simple
8         Numeric imputation                  mean
9     Categorical imputation                  mode
10  Maximum one-hot encoding                    -1
11           Encoding method                  None
12            Transformation                  True
13     Transformation method           yeo-johnson
14                 Normalize                  True
15          Normalize method                zscore
16                       PCA                  True
17                PCA method                linear
18            PCA components                  None
19                  CPU Jobs                    -1
20                   Use GPU                 False
21            Log Experiment                 False
22           Experiment Name  anomaly-default-name
23                       USI                  40a1
2023-08-24 00:39:17,910:INFO:setup() successfully completed in 32.58s...............
2023-08-24 00:39:56,026:INFO:Initializing create_model()
2023-08-24 00:39:56,026:INFO:create_model(self=<pycaret.anomaly.oop.AnomalyExperiment object at 0x00000214053E3130>, estimator=iforest, num_clusters=4, fraction=0.05, ground_truth=None, round=4, fit_kwargs=None, experiment_custom_tags=None, verbose=True, system=True, add_to_model_list=True, raise_num_clusters=False, display=None, kwargs={})
2023-08-24 00:39:56,026:INFO:Checking exceptions
2023-08-24 00:39:56,220:INFO:Importing untrained model
2023-08-24 00:39:56,223:INFO:Isolation Forest Imported successfully
2023-08-24 00:39:56,246:INFO:Fitting Model
2023-08-24 00:40:06,678:INFO:IForest(behaviour='new', bootstrap=False, contamination=0.05,
    max_features=1.0, max_samples='auto', n_estimators=100, n_jobs=-1,
    random_state=123, verbose=0)
2023-08-24 00:40:06,679:INFO:create_models() successfully completed......................................
2023-08-24 00:40:06,682:INFO:Uploading results into container
2023-08-24 00:40:06,682:INFO:Uploading model into container now
2023-08-24 00:40:06,686:INFO:_master_model_container: 1
2023-08-24 00:40:06,686:INFO:_display_container: 1
2023-08-24 00:40:06,686:INFO:IForest(behaviour='new', bootstrap=False, contamination=0.05,
    max_features=1.0, max_samples='auto', n_estimators=100, n_jobs=-1,
    random_state=123, verbose=0)
2023-08-24 00:40:06,686:INFO:create_model() successfully completed......................................
2023-08-24 00:40:43,160:INFO:Initializing assign_model()
2023-08-24 00:40:43,160:INFO:assign_model(self=<pycaret.anomaly.oop.AnomalyExperiment object at 0x00000214053E3130>, model=IForest(behaviour='new', bootstrap=False, contamination=0.05,
    max_features=1.0, max_samples='auto', n_estimators=100, n_jobs=-1,
    random_state=123, verbose=0), transformation=False, score=True, verbose=True)
2023-08-24 00:40:43,160:INFO:Checking exceptions
2023-08-24 00:40:43,160:INFO:Determining Trained Model
2023-08-24 00:40:43,160:INFO:Trained Model : Isolation Forest
2023-08-24 00:40:43,160:INFO:Copying data
2023-08-24 00:40:43,162:INFO:(9994, 7)
2023-08-24 00:40:43,163:INFO:assign_model() successfully completed......................................
2023-08-24 00:41:19,292:INFO:Initializing save_model()
2023-08-24 00:41:19,292:INFO:save_model(model=IForest(behaviour='new', bootstrap=False, contamination=0.05,
    max_features=1.0, max_samples='auto', n_estimators=100, n_jobs=-1,
    random_state=123, verbose=0), model_name=iforest_model, prep_pipe_=Pipeline(memory=FastMemory(location=C:\Users\marce\AppData\Local\Temp\joblib),
         steps=[('numerical_imputer',
                 TransformerWrapper(include=['sales', 'quantity', 'discount',
                                             'profit'],
                                    transformer=SimpleImputer())),
                ('categorical_imputer',
                 TransformerWrapper(include=['product_name'],
                                    transformer=SimpleImputer(strategy='most_frequent'))),
                ('onehot_encoding',
                 TransformerWrapper(include=['product_name'],
                                    transformer=OneHotEncoder(cols=['product_name'],
                                                              handle_missing='return_nan',
                                                              use_cat_names=True))),
                ('transformation',
                 TransformerWrapper(transformer=PowerTransformer(standardize=False))),
                ('normalize', TransformerWrapper(transformer=StandardScaler())),
                ('pca', TransformerWrapper(exclude=[], transformer=PCA()))]), verbose=True, use_case=MLUsecase.ANOMALY, kwargs={})
2023-08-24 00:41:19,292:INFO:Adding model into prep_pipe
2023-08-24 00:41:19,424:INFO:iforest_model.pkl saved in current working directory
2023-08-24 00:41:19,435:INFO:Pipeline(memory=FastMemory(location=C:\Users\marce\AppData\Local\Temp\joblib),
         steps=[('numerical_imputer',
                 TransformerWrapper(include=['sales', 'quantity', 'discount',
                                             'profit'],
                                    transformer=SimpleImputer())),
                ('categorical_imputer',
                 TransformerWrapper(include=['product_name'],
                                    transformer=SimpleImputer(strategy='most_frequent'))),
                ('onehot_encoding',
                 Transf...
                 TransformerWrapper(transformer=PowerTransformer(standardize=False))),
                ('normalize', TransformerWrapper(transformer=StandardScaler())),
                ('pca', TransformerWrapper(exclude=[], transformer=PCA())),
                ('trained_model',
                 IForest(behaviour='new', bootstrap=False, contamination=0.05,
    max_features=1.0, max_samples='auto', n_estimators=100, n_jobs=-1,
    random_state=123, verbose=0))])
2023-08-24 00:41:19,435:INFO:save_model() successfully completed......................................
